================================================================================
Appcelerator Titanium Diagnostics Build Log
The contents of this file are useful to send to Appcelerator Support if
reporting an issue to help us understand your environment, build settings
and aid in debugging. Please attach this log to any issue that you report.
================================================================================

Starting build at 07/23/13 22:32

Build details:

   timestamp=06/15/13 16:09
   module_apiversion=2
   version=3.1.1
   githash=f7592c1


Script arguments:
   /Users/Titanium/Library/Application Support/Titanium/mobilesdk/osx/3.1.1.GA/iphone/builder.py
   simulator
   6.1
   /Users/Titanium/Developer/Titanium Studio Workspace/NSI2012
   com.apptendo.nsi2012
   NSI 2012
   iphone
   iphone
   

Building from: /Users/Titanium/Library/Application Support/Titanium/mobilesdk/osx/3.1.1.GA/iphone
Platform: Darwin Kernel Version 12.4.0: Wed May  1 17:57:12 PDT 2013; root:xnu-2050.24.15~1/RELEASE_X86_64

Xcode path is: /Applications/Xcode.app/Contents/Developer

[INFO] Detected third-party module: co.lanica.platino/2.0.0[INFO] Detected third-party module: co.lanica.platino/2.0.0
githash=f7592c1, existing_git_hash=f7592c1
writing contents of /Users/Titanium/Developer/Titanium Studio Workspace/NSI2012/build/iphone/project.xcconfig:

TI_VERSION=3.1.1.GA
TI_SDK_DIR=/Users/Titanium/Library/Application Support/Titanium/mobilesdk/osx/$(TI_VERSION)/iphone
TI_APPID=com.apptendo.nsi2012
OTHER_LDFLAGS[sdk=iphoneos*]=$(inherited) -weak_framework iAd
OTHER_LDFLAGS[sdk=iphonesimulator*]=$(inherited) -weak_framework iAd
#include "module"

old contents


Generated the following stylecode code:

<?xml version="1.0" encoding="UTF-8"?>
<!DOCTYPE plist PUBLIC "-//Apple//DTD PLIST 1.0//EN" "http://www.apple.com/DTDs/PropertyList-1.0.dtd">
<plist version="1.0">
	<dict>
		<key>classes</key>
		<dict>
</dict>

		<key>classes_density</key>
		<dict>
</dict>

		<key>ids</key>
		<dict>
</dict>

		<key>ids_density</key>
		<dict>
</dict>

		<key>tags</key>
		<dict>
</dict>

		<key>tags_density</key>
		<dict>
</dict>

	</dict>
</plist>
Finishing build
